ValidationError: The 'X-Forwarded-For' header is set but the Express 'trust proxy' setting is false (default). This could indicate a misconfiguration which would prevent express-rate-limit from accurately identifying users. See https://express-rate-limit.github.io/ERR_ERL_UNEXPECTED_X_FORWARDED_FOR/ for more information.
    at Object.xForwardedForHeader (/home/almadina/nodevenv/server.almadinait.com/18/lib/node_modules/express-rate-limit/dist/index.cjs:166:13)
    at wrappedValidations.<computed> [as xForwardedForHeader] (/home/almadina/nodevenv/server.almadinait.com/18/lib/node_modules/express-rate-limit/dist/index.cjs:324:22)
    at Object.keyGenerator (/home/almadina/nodevenv/server.almadinait.com/18/lib/node_modules/express-rate-limit/dist/index.cjs:579:20)
    at /home/almadina/nodevenv/server.almadinait.com/18/lib/node_modules/express-rate-limit/dist/index.cjs:629:32
    at process.processTicksAndRejections (node:internal/process/task_queues:95:5)
    at async /home/almadina/nodevenv/server.almadinait.com/18/lib/node_modules/express-rate-limit/dist/index.cjs:611:5 {
  code: 'ERR_ERL_UNEXPECTED_X_FORWARDED_FOR',
  help: 'https://express-rate-limit.github.io/ERR_ERL_UNEXPECTED_X_FORWARDED_FOR/'
}
ValidationError: The 'X-Forwarded-For' header is set but the Express 'trust proxy' setting is false (default). This could indicate a misconfiguration which would prevent express-rate-limit from accurately identifying users. See https://express-rate-limit.github.io/ERR_ERL_UNEXPECTED_X_FORWARDED_FOR/ for more information.
    at Object.xForwardedForHeader (/home/almadina/nodevenv/server.almadinait.com/18/lib/node_modules/express-rate-limit/dist/index.cjs:166:13)
    at wrappedValidations.<computed> [as xForwardedForHeader] (/home/almadina/nodevenv/server.almadinait.com/18/lib/node_modules/express-rate-limit/dist/index.cjs:324:22)
    at Object.keyGenerator (/home/almadina/nodevenv/server.almadinait.com/18/lib/node_modules/express-rate-limit/dist/index.cjs:579:20)
    at /home/almadina/nodevenv/server.almadinait.com/18/lib/node_modules/express-rate-limit/dist/index.cjs:629:32
    at process.processTicksAndRejections (node:internal/process/task_queues:95:5)
    at async /home/almadina/nodevenv/server.almadinait.com/18/lib/node_modules/express-rate-limit/dist/index.cjs:611:5 {
  code: 'ERR_ERL_UNEXPECTED_X_FORWARDED_FOR',
  help: 'https://express-rate-limit.github.io/ERR_ERL_UNEXPECTED_X_FORWARDED_FOR/'
}
ValidationError: The 'X-Forwarded-For' header is set but the Express 'trust proxy' setting is false (default). This could indicate a misconfiguration which would prevent express-rate-limit from accurately identifying users. See https://express-rate-limit.github.io/ERR_ERL_UNEXPECTED_X_FORWARDED_FOR/ for more information.
    at Object.xForwardedForHeader (/home/almadina/nodevenv/server.almadinait.com/18/lib/node_modules/express-rate-limit/dist/index.cjs:166:13)
    at wrappedValidations.<computed> [as xForwardedForHeader] (/home/almadina/nodevenv/server.almadinait.com/18/lib/node_modules/express-rate-limit/dist/index.cjs:324:22)
    at Object.keyGenerator (/home/almadina/nodevenv/server.almadinait.com/18/lib/node_modules/express-rate-limit/dist/index.cjs:579:20)
    at /home/almadina/nodevenv/server.almadinait.com/18/lib/node_modules/express-rate-limit/dist/index.cjs:629:32
    at process.processTicksAndRejections (node:internal/process/task_queues:95:5)
    at async /home/almadina/nodevenv/server.almadinait.com/18/lib/node_modules/express-rate-limit/dist/index.cjs:611:5 {
  code: 'ERR_ERL_UNEXPECTED_X_FORWARDED_FOR',
  help: 'https://express-rate-limit.github.io/ERR_ERL_UNEXPECTED_X_FORWARDED_FOR/'
}
